2024-07-27
None compromising logline 63
None compromising logline 68
None compromising logline 65
None compromising logline 67
None compromising logline 66
None compromising logline 63
None compromising logline 65
2x
    None compromising logline 66
    None compromising logline 63
None compromising logline 68
3x
    src\omrolocs.962.test <- src\omrolocs.954.wrapper <- src\omrolocs.968.__privProp <- Dawg(SomeCls(Daddy.__testCaller)) <- Dawg(SomeCls(Daddy.testCaller)) <- Dawg(SomeCls.testCallerOfCaller) <- Dawg(SomeCls.propCallerOfCallerOfCaller) <- Outcast.__classMeth <- Outcast.classMeth <- src\omrolocs.981.__statMeth <- src\omrolocs.979.statMeth <- OutcastSon(Outcast.__init__) <- src\omrolocs.996.func <- src\omrolocs.999.oldStyleStaticMeth <- src\omrolocs.1001.oldStyleClassMeth <- src\omrolocs.1002.oldStyleInstanceMeth <- src\omrolocs.1083.genLogs <- src\omrolocs.1096.<module>
    src\omrolocs.963.test(No data was passed)
    src\omrolocs.964.test(someDatum=[1, 2, 3, 4])
    src\omrolocs.965.test(someDatum=[1, 2, 3, 4], someDatum2=[1, 2, 3, 4])
    src\omrolocs.966.test(
        someDatum=[1, 2, 3, 4],
        someDatum2=[1, 2, 3, 4],
    )
None compromising logline 68
None compromising logline 63
None compromising logline 68
None compromising logline 64
2x
    None compromising logline 63
None compromising logline 67
None compromising logline 64
2x
    None compromising logline 68
None compromising logline 65
None compromising logline 63
None compromising logline 66
None compromising logline 64
None compromising logline 68
None compromising logline 65
None compromising logline 67
None compromising logline 64
None compromising logline 63
2x
    None compromising logline 67
    None compromising logline 66
None compromising logline 64
None compromising logline 63
None compromising logline 68
3x
    None compromising logline 63
None compromising logline 64
None compromising logline 66
9x
    src\omrolocs.962.test <- src\omrolocs.954.wrapper <- src\omrolocs.968.__privProp <- Dawg(SomeCls(Daddy.__testCaller)) <- Dawg(SomeCls(Daddy.testCaller)) <- Dawg(SomeCls.testCallerOfCaller) <- Dawg(SomeCls.propCallerOfCallerOfCaller) <- Outcast.__classMeth <- Outcast.classMeth <- src\omrolocs.981.__statMeth <- src\omrolocs.979.statMeth <- OutcastSon(Outcast.__init__) <- src\omrolocs.996.func <- src\omrolocs.999.oldStyleStaticMeth <- src\omrolocs.1001.oldStyleClassMeth <- src\omrolocs.1002.oldStyleInstanceMeth <- src\omrolocs.1083.genLogs <- src\omrolocs.1096.<module>
    src\omrolocs.963.test(No data was passed)
    src\omrolocs.964.test(someDatum=[1, 2, 3, 4])
    src\omrolocs.965.test(someDatum=[1, 2, 3, 4], someDatum2=[1, 2, 3, 4])
    src\omrolocs.966.test(
        someDatum=[1, 2, 3, 4],
        someDatum2=[1, 2, 3, 4],
    )
2x
    None compromising logline 65
None compromising logline 68
None compromising logline 63
None compromising logline 68
2x
    None compromising logline 66
None compromising logline 64
None compromising logline 63
None compromising logline 65
None compromising logline 64
None compromising logline 68
2x
    None compromising logline 67
None compromising logline 66
None compromising logline 68
None compromising logline 67
None compromising logline 66
None compromising logline 64
None compromising logline 67
2x
    None compromising logline 68
None compromising logline 67
None compromising logline 68
None compromising logline 65
2x
    None compromising logline 67
None compromising logline 64
None compromising logline 68
None compromising logline 65
None compromising logline 66
None compromising logline 65
None compromising logline 63
None compromising logline 64
None compromising logline 65
None compromising logline 63
2x
    None compromising logline 65
None compromising logline 67
None compromising logline 65
None compromising logline 63
None compromising logline 64
None compromising logline 66
4x
    src\omrolocs.962.test <- src\omrolocs.954.wrapper <- src\omrolocs.968.__privProp <- Dawg(SomeCls(Daddy.__testCaller)) <- Dawg(SomeCls(Daddy.testCaller)) <- Dawg(SomeCls.testCallerOfCaller) <- Dawg(SomeCls.propCallerOfCallerOfCaller) <- Outcast.__classMeth <- Outcast.classMeth <- src\omrolocs.981.__statMeth <- src\omrolocs.979.statMeth <- OutcastSon(Outcast.__init__) <- src\omrolocs.996.func <- src\omrolocs.999.oldStyleStaticMeth <- src\omrolocs.1001.oldStyleClassMeth <- src\omrolocs.1002.oldStyleInstanceMeth <- src\omrolocs.1083.genLogs <- src\omrolocs.1096.<module>
    src\omrolocs.963.test(No data was passed)
    src\omrolocs.964.test(someDatum=[1, 2, 3, 4])
    src\omrolocs.965.test(someDatum=[1, 2, 3, 4], someDatum2=[1, 2, 3, 4])
    src\omrolocs.966.test(
        someDatum=[1, 2, 3, 4],
        someDatum2=[1, 2, 3, 4],
    )
2x
    None compromising logline 68
None compromising logline 67
None compromising logline 63
None compromising logline 68
None compromising logline 67
None compromising logline 64
None compromising logline 66
None compromising logline 64
None compromising logline 67
None compromising logline 65
None compromising logline 66
3x
    None compromising logline 67
None compromising logline 66
None compromising logline 64
None compromising logline 68
None compromising logline 63
None compromising logline 65
None compromising logline 63
None compromising logline 67
3x
    None compromising logline 65
None compromising logline 63
3x
    None compromising logline 64
2x
    None compromising logline 67
None compromising logline 63
None compromising logline 65
None compromising logline 66
None compromising logline 63
None compromising logline 66
2x
    None compromising logline 65
None compromising logline 67
6x
    src\omrolocs.962.test <- src\omrolocs.954.wrapper <- src\omrolocs.968.__privProp <- Dawg(SomeCls(Daddy.__testCaller)) <- Dawg(SomeCls(Daddy.testCaller)) <- Dawg(SomeCls.testCallerOfCaller) <- Dawg(SomeCls.propCallerOfCallerOfCaller) <- Outcast.__classMeth <- Outcast.classMeth <- src\omrolocs.981.__statMeth <- src\omrolocs.979.statMeth <- OutcastSon(Outcast.__init__) <- src\omrolocs.996.func <- src\omrolocs.999.oldStyleStaticMeth <- src\omrolocs.1001.oldStyleClassMeth <- src\omrolocs.1002.oldStyleInstanceMeth <- src\omrolocs.1083.genLogs <- src\omrolocs.1096.<module>
    src\omrolocs.963.test(No data was passed)
    src\omrolocs.964.test(someDatum=[1, 2, 3, 4])
    src\omrolocs.965.test(someDatum=[1, 2, 3, 4], someDatum2=[1, 2, 3, 4])
    src\omrolocs.966.test(
        someDatum=[1, 2, 3, 4],
        someDatum2=[1, 2, 3, 4],
    )
2x
    None compromising logline 66
None compromising logline 65
None compromising logline 67
None compromising logline 66
None compromising logline 68
None compromising logline 66
None compromising logline 64
None compromising logline 67
None compromising logline 64
None compromising logline 68
None compromising logline 67
None compromising logline 68
None compromising logline 64
3x
    None compromising logline 66
None compromising logline 64
2x
    None compromising logline 67
    None compromising logline 63
9x
    src\omrolocs.962.test <- src\omrolocs.954.wrapper <- src\omrolocs.968.__privProp <- Dawg(SomeCls(Daddy.__testCaller)) <- Dawg(SomeCls(Daddy.testCaller)) <- Dawg(SomeCls.testCallerOfCaller) <- Dawg(SomeCls.propCallerOfCallerOfCaller) <- Outcast.__classMeth <- Outcast.classMeth <- src\omrolocs.981.__statMeth <- src\omrolocs.979.statMeth <- OutcastSon(Outcast.__init__) <- src\omrolocs.996.func <- src\omrolocs.999.oldStyleStaticMeth <- src\omrolocs.1001.oldStyleClassMeth <- src\omrolocs.1002.oldStyleInstanceMeth <- src\omrolocs.1083.genLogs <- src\omrolocs.1096.<module>
    src\omrolocs.963.test(No data was passed)
    src\omrolocs.964.test(someDatum=[1, 2, 3, 4])
    src\omrolocs.965.test(someDatum=[1, 2, 3, 4], someDatum2=[1, 2, 3, 4])
    src\omrolocs.966.test(
        someDatum=[1, 2, 3, 4],
        someDatum2=[1, 2, 3, 4],
    )
None compromising logline 66
None compromising logline 63
None compromising logline 66
src\omrolocs.962.test <- src\omrolocs.954.wrapper <- src\omrolocs.968.__privProp <- Dawg(SomeCls(Daddy.__testCaller)) <- Dawg(SomeCls(Daddy.testCaller)) <- Dawg(SomeCls.testCallerOfCaller) <- Dawg(SomeCls.propCallerOfCallerOfCaller) <- Outcast.__classMeth <- Outcast.classMeth <- src\omrolocs.981.__statMeth <- src\omrolocs.979.statMeth <- OutcastSon(Outcast.__init__) <- src\omrolocs.996.func <- src\omrolocs.999.oldStyleStaticMeth <- src\omrolocs.1001.oldStyleClassMeth <- src\omrolocs.1002.oldStyleInstanceMeth <- src\omrolocs.1083.genLogs <- src\omrolocs.1096.<module>
src\omrolocs.963.test(No data was passed)
src\omrolocs.964.test(someDatum=[1, 2, 3, 4])
src\omrolocs.965.test(someDatum=[1, 2, 3, 4], someDatum2=[1, 2, 3, 4])
src\omrolocs.966.test(
    someDatum=[1, 2, 3, 4],
    someDatum2=[1, 2, 3, 4],
)
None compromising logline 63
None compromising logline 64
None compromising logline 67
None compromising logline 68
None compromising logline 63
None compromising logline 66
None compromising logline 63
2x
    None compromising logline 64
    None compromising logline 63
    None compromising logline 66
None compromising logline 67
None compromising logline 63
None compromising logline 68
None compromising logline 63
2x
    None compromising logline 68
None compromising logline 66
None compromising logline 68
None compromising logline 64
None compromising logline 66
None compromising logline 65
None compromising logline 68
None compromising logline 66
None compromising logline 64
2x
    None compromising logline 65
None compromising logline 68
2x
    None compromising logline 66
None compromising logline 68
None compromising logline 67
None compromising logline 65
None compromising logline 63
None compromising logline 64
2x
    None compromising logline 65
6x
    src\omrolocs.962.test <- src\omrolocs.954.wrapper <- src\omrolocs.968.__privProp <- Dawg(SomeCls(Daddy.__testCaller)) <- Dawg(SomeCls(Daddy.testCaller)) <- Dawg(SomeCls.testCallerOfCaller) <- Dawg(SomeCls.propCallerOfCallerOfCaller) <- Outcast.__classMeth <- Outcast.classMeth <- src\omrolocs.981.__statMeth <- src\omrolocs.979.statMeth <- OutcastSon(Outcast.__init__) <- src\omrolocs.996.func <- src\omrolocs.999.oldStyleStaticMeth <- src\omrolocs.1001.oldStyleClassMeth <- src\omrolocs.1002.oldStyleInstanceMeth <- src\omrolocs.1083.genLogs <- src\omrolocs.1096.<module>
    src\omrolocs.963.test(No data was passed)
    src\omrolocs.964.test(someDatum=[1, 2, 3, 4])
    src\omrolocs.965.test(someDatum=[1, 2, 3, 4], someDatum2=[1, 2, 3, 4])
    src\omrolocs.966.test(
        someDatum=[1, 2, 3, 4],
        someDatum2=[1, 2, 3, 4],
    )
2x
    None compromising logline 63
2x
    None compromising logline 65
None compromising logline 63
None compromising logline 65
2x
    None compromising logline 67
    None compromising logline 64
None compromising logline 65
None compromising logline 67
None compromising logline 66
None compromising logline 63
2x
    None compromising logline 67
None compromising logline 66
None compromising logline 64
2x
    None compromising logline 65
2x
    None compromising logline 67
None compromising logline 64
None compromising logline 68
None compromising logline 63
3x
    None compromising logline 64
None compromising logline 65
None compromising logline 68
2x
    None compromising logline 66
None compromising logline 63
2x
    None compromising logline 68
None compromising logline 63
None compromising logline 66
None compromising logline 63
None compromising logline 64
None compromising logline 66
None compromising logline 67
2x
    src\omrolocs.962.test <- src\omrolocs.954.wrapper <- src\omrolocs.968.__privProp <- Dawg(SomeCls(Daddy.__testCaller)) <- Dawg(SomeCls(Daddy.testCaller)) <- Dawg(SomeCls.testCallerOfCaller) <- Dawg(SomeCls.propCallerOfCallerOfCaller) <- Outcast.__classMeth <- Outcast.classMeth <- src\omrolocs.981.__statMeth <- src\omrolocs.979.statMeth <- OutcastSon(Outcast.__init__) <- src\omrolocs.996.func <- src\omrolocs.999.oldStyleStaticMeth <- src\omrolocs.1001.oldStyleClassMeth <- src\omrolocs.1002.oldStyleInstanceMeth <- src\omrolocs.1083.genLogs <- src\omrolocs.1096.<module>
    src\omrolocs.963.test(No data was passed)
    src\omrolocs.964.test(someDatum=[1, 2, 3, 4])
    src\omrolocs.965.test(someDatum=[1, 2, 3, 4], someDatum2=[1, 2, 3, 4])
    src\omrolocs.966.test(
        someDatum=[1, 2, 3, 4],
        someDatum2=[1, 2, 3, 4],
    )
2x
    None compromising logline 65
2x
    None compromising logline 64
    None compromising logline 65
None compromising logline 64
None compromising logline 68
None compromising logline 66
None compromising logline 63
None compromising logline 65
2x
    None compromising logline 66
None compromising logline 67
None compromising logline 66
None compromising logline 67
None compromising logline 68
None compromising logline 67
None compromising logline 66
2x
    None compromising logline 67
2x
    None compromising logline 64
None compromising logline 65
5x
    src\omrolocs.962.test <- src\omrolocs.954.wrapper <- src\omrolocs.968.__privProp <- Dawg(SomeCls(Daddy.__testCaller)) <- Dawg(SomeCls(Daddy.testCaller)) <- Dawg(SomeCls.testCallerOfCaller) <- Dawg(SomeCls.propCallerOfCallerOfCaller) <- Outcast.__classMeth <- Outcast.classMeth <- src\omrolocs.981.__statMeth <- src\omrolocs.979.statMeth <- OutcastSon(Outcast.__init__) <- src\omrolocs.996.func <- src\omrolocs.999.oldStyleStaticMeth <- src\omrolocs.1001.oldStyleClassMeth <- src\omrolocs.1002.oldStyleInstanceMeth <- src\omrolocs.1083.genLogs <- src\omrolocs.1096.<module>
    src\omrolocs.963.test(No data was passed)
    src\omrolocs.964.test(someDatum=[1, 2, 3, 4])
    src\omrolocs.965.test(someDatum=[1, 2, 3, 4], someDatum2=[1, 2, 3, 4])
    src\omrolocs.966.test(
        someDatum=[1, 2, 3, 4],
        someDatum2=[1, 2, 3, 4],
    )
None compromising logline 67
None compromising logline 65
None compromising logline 64
None compromising logline 66
None compromising logline 65
None compromising logline 68
None compromising logline 63
None compromising logline 66
None compromising logline 67
None compromising logline 63
2x
    None compromising logline 64
None compromising logline 67
None compromising logline 64
None compromising logline 67
None compromising logline 65
None compromising logline 66
2x
    None compromising logline 63
2x
    None compromising logline 64
None compromising logline 65
None compromising logline 67
2x
    None compromising logline 64
2x
    None compromising logline 66
None compromising logline 64
None compromising logline 67
None compromising logline 64
None compromising logline 65
None compromising logline 63
None compromising logline 67
None compromising logline 66
None compromising logline 65
None compromising logline 66
None compromising logline 68
src\omrolocs.962.test <- src\omrolocs.954.wrapper <- src\omrolocs.968.__privProp <- Dawg(SomeCls(Daddy.__testCaller)) <- Dawg(SomeCls(Daddy.testCaller)) <- Dawg(SomeCls.testCallerOfCaller) <- Dawg(SomeCls.propCallerOfCallerOfCaller) <- Outcast.__classMeth <- Outcast.classMeth <- src\omrolocs.981.__statMeth <- src\omrolocs.979.statMeth <- OutcastSon(Outcast.__init__) <- src\omrolocs.996.func <- src\omrolocs.999.oldStyleStaticMeth <- src\omrolocs.1001.oldStyleClassMeth <- src\omrolocs.1002.oldStyleInstanceMeth <- src\omrolocs.1083.genLogs <- src\omrolocs.1096.<module>
src\omrolocs.963.test(No data was passed)
src\omrolocs.964.test(someDatum=[1, 2, 3, 4])
src\omrolocs.965.test(someDatum=[1, 2, 3, 4], someDatum2=[1, 2, 3, 4])
src\omrolocs.966.test(
    someDatum=[1, 2, 3, 4],
    someDatum2=[1, 2, 3, 4],
)
None compromising logline 63
None compromising logline 66
None compromising logline 67
None compromising logline 66
None compromising logline 65
None compromising logline 66
None compromising logline 63
None compromising logline 66
2x
    None compromising logline 64
None compromising logline 63
None compromising logline 68
None compromising logline 64
None compromising logline 65
None compromising logline 66
None compromising logline 64
2x
    None compromising logline 65
None compromising logline 66
None compromising logline 63
None compromising logline 66
2x
    None compromising logline 68
3x
    None compromising logline 64
None compromising logline 68
None compromising logline 63
None compromising logline 65
2x
    None compromising logline 67
    None compromising logline 63
None compromising logline 67
None compromising logline 66
8x
    src\omrolocs.962.test <- src\omrolocs.954.wrapper <- src\omrolocs.968.__privProp <- Dawg(SomeCls(Daddy.__testCaller)) <- Dawg(SomeCls(Daddy.testCaller)) <- Dawg(SomeCls.testCallerOfCaller) <- Dawg(SomeCls.propCallerOfCallerOfCaller) <- Outcast.__classMeth <- Outcast.classMeth <- src\omrolocs.981.__statMeth <- src\omrolocs.979.statMeth <- OutcastSon(Outcast.__init__) <- src\omrolocs.996.func <- src\omrolocs.999.oldStyleStaticMeth <- src\omrolocs.1001.oldStyleClassMeth <- src\omrolocs.1002.oldStyleInstanceMeth <- src\omrolocs.1083.genLogs <- src\omrolocs.1096.<module>
    src\omrolocs.963.test(No data was passed)
    src\omrolocs.964.test(someDatum=[1, 2, 3, 4])
    src\omrolocs.965.test(someDatum=[1, 2, 3, 4], someDatum2=[1, 2, 3, 4])
    src\omrolocs.966.test(
        someDatum=[1, 2, 3, 4],
        someDatum2=[1, 2, 3, 4],
    )
None compromising logline 63
None compromising logline 65
None compromising logline 66
2x
    None compromising logline 63
None compromising logline 65
None compromising logline 64
None compromising logline 66
None compromising logline 64
None compromising logline 65
None compromising logline 67
None compromising logline 63
None compromising logline 65
None compromising logline 64
None compromising logline 63
7x
    src\omrolocs.962.test <- src\omrolocs.954.wrapper <- src\omrolocs.968.__privProp <- Dawg(SomeCls(Daddy.__testCaller)) <- Dawg(SomeCls(Daddy.testCaller)) <- Dawg(SomeCls.testCallerOfCaller) <- Dawg(SomeCls.propCallerOfCallerOfCaller) <- Outcast.__classMeth <- Outcast.classMeth <- src\omrolocs.981.__statMeth <- src\omrolocs.979.statMeth <- OutcastSon(Outcast.__init__) <- src\omrolocs.996.func <- src\omrolocs.999.oldStyleStaticMeth <- src\omrolocs.1001.oldStyleClassMeth <- src\omrolocs.1002.oldStyleInstanceMeth <- src\omrolocs.1083.genLogs <- src\omrolocs.1096.<module>
    src\omrolocs.963.test(No data was passed)
    src\omrolocs.964.test(someDatum=[1, 2, 3, 4])
    src\omrolocs.965.test(someDatum=[1, 2, 3, 4], someDatum2=[1, 2, 3, 4])
    src\omrolocs.966.test(
        someDatum=[1, 2, 3, 4],
        someDatum2=[1, 2, 3, 4],
    )
None compromising logline 66
2x
    None compromising logline 67
None compromising logline 68
None compromising logline 65
None compromising logline 63
2x
    None compromising logline 66
None compromising logline 67
None compromising logline 68
None compromising logline 64
None compromising logline 65
None compromising logline 64
None compromising logline 63
None compromising logline 65
None compromising logline 66
None compromising logline 64
None compromising logline 63
None compromising logline 66
2x
    None compromising logline 64
None compromising logline 65
None compromising logline 67
None compromising logline 63
None compromising logline 68
2x
    None compromising logline 67
    None compromising logline 66
None compromising logline 64
None compromising logline 67
None compromising logline 65
None compromising logline 64
None compromising logline 66
None compromising logline 63
2x
    None compromising logline 68
None compromising logline 65
2x
    None compromising logline 67
    None compromising logline 68
None compromising logline 63
None compromising logline 66
10x
    src\omrolocs.962.test <- src\omrolocs.954.wrapper <- src\omrolocs.968.__privProp <- Dawg(SomeCls(Daddy.__testCaller)) <- Dawg(SomeCls(Daddy.testCaller)) <- Dawg(SomeCls.testCallerOfCaller) <- Dawg(SomeCls.propCallerOfCallerOfCaller) <- Outcast.__classMeth <- Outcast.classMeth <- src\omrolocs.981.__statMeth <- src\omrolocs.979.statMeth <- OutcastSon(Outcast.__init__) <- src\omrolocs.996.func <- src\omrolocs.999.oldStyleStaticMeth <- src\omrolocs.1001.oldStyleClassMeth <- src\omrolocs.1002.oldStyleInstanceMeth <- src\omrolocs.1083.genLogs <- src\omrolocs.1096.<module>
    src\omrolocs.963.test(No data was passed)
    src\omrolocs.964.test(someDatum=[1, 2, 3, 4])
    src\omrolocs.965.test(someDatum=[1, 2, 3, 4], someDatum2=[1, 2, 3, 4])
    src\omrolocs.966.test(
        someDatum=[1, 2, 3, 4],
        someDatum2=[1, 2, 3, 4],
    )
None compromising logline 68
None compromising logline 64
None compromising logline 67
None compromising logline 65
None compromising logline 67
2x
    None compromising logline 65
None compromising logline 68
2x
    None compromising logline 66
None compromising logline 68
None compromising logline 65
2x
    None compromising logline 66
None compromising logline 68
2x
    None compromising logline 64
None compromising logline 68
None compromising logline 63
None compromising logline 65
None compromising logline 64
None compromising logline 63
None compromising logline 68
None compromising logline 65
2x
    None compromising logline 68
None compromising logline 66
None compromising logline 65
None compromising logline 68
None compromising logline 67
None compromising logline 64
None compromising logline 65
None compromising logline 66
2x
    src\omrolocs.962.test <- src\omrolocs.954.wrapper <- src\omrolocs.968.__privProp <- Dawg(SomeCls(Daddy.__testCaller)) <- Dawg(SomeCls(Daddy.testCaller)) <- Dawg(SomeCls.testCallerOfCaller) <- Dawg(SomeCls.propCallerOfCallerOfCaller) <- Outcast.__classMeth <- Outcast.classMeth <- src\omrolocs.981.__statMeth <- src\omrolocs.979.statMeth <- OutcastSon(Outcast.__init__) <- src\omrolocs.996.func <- src\omrolocs.999.oldStyleStaticMeth <- src\omrolocs.1001.oldStyleClassMeth <- src\omrolocs.1002.oldStyleInstanceMeth <- src\omrolocs.1083.genLogs <- src\omrolocs.1096.<module>
    src\omrolocs.963.test(No data was passed)
    src\omrolocs.964.test(someDatum=[1, 2, 3, 4])
    src\omrolocs.965.test(someDatum=[1, 2, 3, 4], someDatum2=[1, 2, 3, 4])
    src\omrolocs.966.test(
        someDatum=[1, 2, 3, 4],
        someDatum2=[1, 2, 3, 4],
    )
None compromising logline 63
None compromising logline 68
None compromising logline 63
None compromising logline 64
None compromising logline 63
None compromising logline 65
None compromising logline 68
2x
    None compromising logline 63
None compromising logline 68
None compromising logline 64
None compromising logline 63
3x
    None compromising logline 65
None compromising logline 66
None compromising logline 67
None compromising logline 68
None compromising logline 63
2x
    None compromising logline 68
2x
    None compromising logline 66
    None compromising logline 64
None compromising logline 65
None compromising logline 68
2x
    None compromising logline 66
None compromising logline 65
None compromising logline 64
None compromising logline 67
None compromising logline 66
None compromising logline 68
None compromising logline 67
None compromising logline 63
None compromising logline 65
10x
    src\omrolocs.962.test <- src\omrolocs.954.wrapper <- src\omrolocs.968.__privProp <- Dawg(SomeCls(Daddy.__testCaller)) <- Dawg(SomeCls(Daddy.testCaller)) <- Dawg(SomeCls.testCallerOfCaller) <- Dawg(SomeCls.propCallerOfCallerOfCaller) <- Outcast.__classMeth <- Outcast.classMeth <- src\omrolocs.981.__statMeth <- src\omrolocs.979.statMeth <- OutcastSon(Outcast.__init__) <- src\omrolocs.996.func <- src\omrolocs.999.oldStyleStaticMeth <- src\omrolocs.1001.oldStyleClassMeth <- src\omrolocs.1002.oldStyleInstanceMeth <- src\omrolocs.1083.genLogs <- src\omrolocs.1096.<module>
    src\omrolocs.963.test(No data was passed)
    src\omrolocs.964.test(someDatum=[1, 2, 3, 4])
    src\omrolocs.965.test(someDatum=[1, 2, 3, 4], someDatum2=[1, 2, 3, 4])
    src\omrolocs.966.test(
        someDatum=[1, 2, 3, 4],
        someDatum2=[1, 2, 3, 4],
    )
2x
    None compromising logline 66
None compromising logline 65
None compromising logline 64
None compromising logline 66
None compromising logline 64
None compromising logline 67
None compromising logline 63
10x
    src\omrolocs.962.test <- src\omrolocs.954.wrapper <- src\omrolocs.968.__privProp <- Dawg(SomeCls(Daddy.__testCaller)) <- Dawg(SomeCls(Daddy.testCaller)) <- Dawg(SomeCls.testCallerOfCaller) <- Dawg(SomeCls.propCallerOfCallerOfCaller) <- Outcast.__classMeth <- Outcast.classMeth <- src\omrolocs.981.__statMeth <- src\omrolocs.979.statMeth <- OutcastSon(Outcast.__init__) <- src\omrolocs.996.func <- src\omrolocs.999.oldStyleStaticMeth <- src\omrolocs.1001.oldStyleClassMeth <- src\omrolocs.1002.oldStyleInstanceMeth <- src\omrolocs.1083.genLogs <- src\omrolocs.1096.<module>
    src\omrolocs.963.test(No data was passed)
    src\omrolocs.964.test(someDatum=[1, 2, 3, 4])
    src\omrolocs.965.test(someDatum=[1, 2, 3, 4], someDatum2=[1, 2, 3, 4])
    src\omrolocs.966.test(
        someDatum=[1, 2, 3, 4],
        someDatum2=[1, 2, 3, 4],
    )
None compromising logline 66
None compromising logline 64
None compromising logline 66
None compromising logline 67
None compromising logline 68
2x
    None compromising logline 66
None compromising logline 65
2x
    None compromising logline 66
None compromising logline 67
None compromising logline 64
None compromising logline 63
None compromising logline 68
None compromising logline 67
None compromising logline 65
2x
    None compromising logline 68
2x
    None compromising logline 63
None compromising logline 64
None compromising logline 68
None compromising logline 65
3x
    None compromising logline 67
None compromising logline 66
None compromising logline 64
2x
    None compromising logline 67
None compromising logline 64
None compromising logline 63
2x
    None compromising logline 68
None compromising logline 64
None compromising logline 68
None compromising logline 64
None compromising logline 65
None compromising logline 68
None compromising logline 63
None compromising logline 64
None compromising logline 63
None compromising logline 66
None compromising logline 65
None compromising logline 63
5x
    src\omrolocs.962.test <- src\omrolocs.954.wrapper <- src\omrolocs.968.__privProp <- Dawg(SomeCls(Daddy.__testCaller)) <- Dawg(SomeCls(Daddy.testCaller)) <- Dawg(SomeCls.testCallerOfCaller) <- Dawg(SomeCls.propCallerOfCallerOfCaller) <- Outcast.__classMeth <- Outcast.classMeth <- src\omrolocs.981.__statMeth <- src\omrolocs.979.statMeth <- OutcastSon(Outcast.__init__) <- src\omrolocs.996.func <- src\omrolocs.999.oldStyleStaticMeth <- src\omrolocs.1001.oldStyleClassMeth <- src\omrolocs.1002.oldStyleInstanceMeth <- src\omrolocs.1083.genLogs <- src\omrolocs.1096.<module>
    src\omrolocs.963.test(No data was passed)
    src\omrolocs.964.test(someDatum=[1, 2, 3, 4])
    src\omrolocs.965.test(someDatum=[1, 2, 3, 4], someDatum2=[1, 2, 3, 4])
    src\omrolocs.966.test(
        someDatum=[1, 2, 3, 4],
        someDatum2=[1, 2, 3, 4],
    )
2x
    None compromising logline 68
2x
    None compromising logline 67
None compromising logline 65
None compromising logline 63
None compromising logline 67
2x
    None compromising logline 66
None compromising logline 65
None compromising logline 66
None compromising logline 68
2x
    None compromising logline 67
    None compromising logline 66
4x
    None compromising logline 67
2x
    None compromising logline 63
None compromising logline 64
None compromising logline 65
None compromising logline 64
None compromising logline 67
None compromising logline 68
None compromising logline 67
None compromising logline 63
None compromising logline 66
2x
    None compromising logline 64
None compromising logline 63
None compromising logline 66
None compromising logline 67
2x
    None compromising logline 64
None compromising logline 63
None compromising logline 64
None compromising logline 65
None compromising logline 67
10x
    src\omrolocs.962.test <- src\omrolocs.954.wrapper <- src\omrolocs.968.__privProp <- Dawg(SomeCls(Daddy.__testCaller)) <- Dawg(SomeCls(Daddy.testCaller)) <- Dawg(SomeCls.testCallerOfCaller) <- Dawg(SomeCls.propCallerOfCallerOfCaller) <- Outcast.__classMeth <- Outcast.classMeth <- src\omrolocs.981.__statMeth <- src\omrolocs.979.statMeth <- OutcastSon(Outcast.__init__) <- src\omrolocs.996.func <- src\omrolocs.999.oldStyleStaticMeth <- src\omrolocs.1001.oldStyleClassMeth <- src\omrolocs.1002.oldStyleInstanceMeth <- src\omrolocs.1083.genLogs <- src\omrolocs.1096.<module>
    src\omrolocs.963.test(No data was passed)
    src\omrolocs.964.test(someDatum=[1, 2, 3, 4])
    src\omrolocs.965.test(someDatum=[1, 2, 3, 4], someDatum2=[1, 2, 3, 4])
    src\omrolocs.966.test(
        someDatum=[1, 2, 3, 4],
        someDatum2=[1, 2, 3, 4],
    )
None compromising logline 65
None compromising logline 67
None compromising logline 63
None compromising logline 64
2x
    None compromising logline 68
None compromising logline 64
None compromising logline 63
2x
    None compromising logline 68
2x
    None compromising logline 65
    2x
        None compromising logline 66
None compromising logline 65
None compromising logline 67
None compromising logline 63
None compromising logline 64
None compromising logline 63
None compromising logline 67
None compromising logline 68
None compromising logline 63
None compromising logline 68
3x
    None compromising logline 65
None compromising logline 67
2x
    None compromising logline 63
4x
    src\omrolocs.962.test <- src\omrolocs.954.wrapper <- src\omrolocs.968.__privProp <- Dawg(SomeCls(Daddy.__testCaller)) <- Dawg(SomeCls(Daddy.testCaller)) <- Dawg(SomeCls.testCallerOfCaller) <- Dawg(SomeCls.propCallerOfCallerOfCaller) <- Outcast.__classMeth <- Outcast.classMeth <- src\omrolocs.981.__statMeth <- src\omrolocs.979.statMeth <- OutcastSon(Outcast.__init__) <- src\omrolocs.996.func <- src\omrolocs.999.oldStyleStaticMeth <- src\omrolocs.1001.oldStyleClassMeth <- src\omrolocs.1002.oldStyleInstanceMeth <- src\omrolocs.1083.genLogs <- src\omrolocs.1096.<module>
    src\omrolocs.963.test(No data was passed)
    src\omrolocs.964.test(someDatum=[1, 2, 3, 4])
    src\omrolocs.965.test(someDatum=[1, 2, 3, 4], someDatum2=[1, 2, 3, 4])
    src\omrolocs.966.test(
        someDatum=[1, 2, 3, 4],
        someDatum2=[1, 2, 3, 4],
    )
None compromising logline 64
None compromising logline 65
None compromising logline 66
None compromising logline 63
None compromising logline 65
2x
    None compromising logline 67
None compromising logline 64
None compromising logline 65
None compromising logline 66
None compromising logline 63
2x
    None compromising logline 66
None compromising logline 68
2x
    None compromising logline 66
None compromising logline 67
None compromising logline 65
3x
    None compromising logline 64
None compromising logline 66
2x
    None compromising logline 64
2x
    None compromising logline 63
None compromising logline 67
None compromising logline 64
2x
    None compromising logline 63
    None compromising logline 68
None compromising logline 66
10x
    src\omrolocs.962.test <- src\omrolocs.954.wrapper <- src\omrolocs.968.__privProp <- Dawg(SomeCls(Daddy.__testCaller)) <- Dawg(SomeCls(Daddy.testCaller)) <- Dawg(SomeCls.testCallerOfCaller) <- Dawg(SomeCls.propCallerOfCallerOfCaller) <- Outcast.__classMeth <- Outcast.classMeth <- src\omrolocs.981.__statMeth <- src\omrolocs.979.statMeth <- OutcastSon(Outcast.__init__) <- src\omrolocs.996.func <- src\omrolocs.999.oldStyleStaticMeth <- src\omrolocs.1001.oldStyleClassMeth <- src\omrolocs.1002.oldStyleInstanceMeth <- src\omrolocs.1083.genLogs <- src\omrolocs.1096.<module>
    src\omrolocs.963.test(No data was passed)
    src\omrolocs.964.test(someDatum=[1, 2, 3, 4])
    src\omrolocs.965.test(someDatum=[1, 2, 3, 4], someDatum2=[1, 2, 3, 4])
    src\omrolocs.966.test(
        someDatum=[1, 2, 3, 4],
        someDatum2=[1, 2, 3, 4],
    )
None compromising logline 67
3x
    None compromising logline 68
None compromising logline 64
None compromising logline 65
None compromising logline 64
3x
    None compromising logline 65
None compromising logline 68
2x
    None compromising logline 64
    None compromising logline 63
None compromising logline 67
None compromising logline 68
None compromising logline 63
None compromising logline 66
None compromising logline 68
None compromising logline 67
None compromising logline 64
None compromising logline 63
None compromising logline 64
None compromising logline 67
None compromising logline 64
None compromising logline 65
None compromising logline 63
None compromising logline 67
None compromising logline 63
2x
    None compromising logline 66
None compromising logline 67
None compromising logline 63
None compromising logline 66
None compromising logline 67
None compromising logline 66
None compromising logline 68
3x
    None compromising logline 67
8x
    src\omrolocs.962.test <- src\omrolocs.954.wrapper <- src\omrolocs.968.__privProp <- Dawg(SomeCls(Daddy.__testCaller)) <- Dawg(SomeCls(Daddy.testCaller)) <- Dawg(SomeCls.testCallerOfCaller) <- Dawg(SomeCls.propCallerOfCallerOfCaller) <- Outcast.__classMeth <- Outcast.classMeth <- src\omrolocs.981.__statMeth <- src\omrolocs.979.statMeth <- OutcastSon(Outcast.__init__) <- src\omrolocs.996.func <- src\omrolocs.999.oldStyleStaticMeth <- src\omrolocs.1001.oldStyleClassMeth <- src\omrolocs.1002.oldStyleInstanceMeth <- src\omrolocs.1083.genLogs <- src\omrolocs.1096.<module>
    src\omrolocs.963.test(No data was passed)
    src\omrolocs.964.test(someDatum=[1, 2, 3, 4])
    src\omrolocs.965.test(someDatum=[1, 2, 3, 4], someDatum2=[1, 2, 3, 4])
    src\omrolocs.966.test(
        someDatum=[1, 2, 3, 4],
        someDatum2=[1, 2, 3, 4],
    )
None compromising logline 67
None compromising logline 65
None compromising logline 68
None compromising logline 65
None compromising logline 67
3x
    None compromising logline 64
None compromising logline 63
None compromising logline 64
2x
    None compromising logline 65
6x
    src\omrolocs.962.test <- src\omrolocs.954.wrapper <- src\omrolocs.968.__privProp <- Dawg(SomeCls(Daddy.__testCaller)) <- Dawg(SomeCls(Daddy.testCaller)) <- Dawg(SomeCls.testCallerOfCaller) <- Dawg(SomeCls.propCallerOfCallerOfCaller) <- Outcast.__classMeth <- Outcast.classMeth <- src\omrolocs.981.__statMeth <- src\omrolocs.979.statMeth <- OutcastSon(Outcast.__init__) <- src\omrolocs.996.func <- src\omrolocs.999.oldStyleStaticMeth <- src\omrolocs.1001.oldStyleClassMeth <- src\omrolocs.1002.oldStyleInstanceMeth <- src\omrolocs.1083.genLogs <- src\omrolocs.1096.<module>
    src\omrolocs.963.test(No data was passed)
    src\omrolocs.964.test(someDatum=[1, 2, 3, 4])
    src\omrolocs.965.test(someDatum=[1, 2, 3, 4], someDatum2=[1, 2, 3, 4])
    src\omrolocs.966.test(
        someDatum=[1, 2, 3, 4],
        someDatum2=[1, 2, 3, 4],
    )
None compromising logline 64
None compromising logline 68
None compromising logline 67
None compromising logline 64
None compromising logline 65
None compromising logline 67
None compromising logline 65
None compromising logline 66
None compromising logline 64
None compromising logline 68
None compromising logline 66
None compromising logline 65
None compromising logline 64
None compromising logline 66
2x
    None compromising logline 65
None compromising logline 66
2x
    None compromising logline 64
None compromising logline 66
3x
    None compromising logline 67
None compromising logline 63
None compromising logline 67
None compromising logline 68
None compromising logline 63
src\omrolocs.962.test <- src\omrolocs.954.wrapper <- src\omrolocs.968.__privProp <- Dawg(SomeCls(Daddy.__testCaller)) <- Dawg(SomeCls(Daddy.testCaller)) <- Dawg(SomeCls.testCallerOfCaller) <- Dawg(SomeCls.propCallerOfCallerOfCaller) <- Outcast.__classMeth <- Outcast.classMeth <- src\omrolocs.981.__statMeth <- src\omrolocs.979.statMeth <- OutcastSon(Outcast.__init__) <- src\omrolocs.996.func <- src\omrolocs.999.oldStyleStaticMeth <- src\omrolocs.1001.oldStyleClassMeth <- src\omrolocs.1002.oldStyleInstanceMeth <- src\omrolocs.1083.genLogs <- src\omrolocs.1096.<module>
src\omrolocs.963.test(No data was passed)
src\omrolocs.964.test(someDatum=[1, 2, 3, 4])
src\omrolocs.965.test(someDatum=[1, 2, 3, 4], someDatum2=[1, 2, 3, 4])
src\omrolocs.966.test(
    someDatum=[1, 2, 3, 4],
    someDatum2=[1, 2, 3, 4],
)
None compromising logline 68
2x
    None compromising logline 67
    None compromising logline 66
None compromising logline 65
None compromising logline 67
None compromising logline 65
3x
    None compromising logline 67
None compromising logline 64
None compromising logline 67
None compromising logline 63
2x
    None compromising logline 66
None compromising logline 64
None compromising logline 67
None compromising logline 66
None compromising logline 68
None compromising logline 66
2x
    None compromising logline 63
2x
    None compromising logline 65
    None compromising logline 66
2x
    None compromising logline 68
None compromising logline 63
None compromising logline 67
None compromising logline 65
None compromising logline 66
None compromising logline 68
3x
    None compromising logline 66
None compromising logline 68
None compromising logline 63
None compromising logline 64
2x
    None compromising logline 63
None compromising logline 67
None compromising logline 66
None compromising logline 68
None compromising logline 67
2x
    src\omrolocs.962.test <- src\omrolocs.954.wrapper <- src\omrolocs.968.__privProp <- Dawg(SomeCls(Daddy.__testCaller)) <- Dawg(SomeCls(Daddy.testCaller)) <- Dawg(SomeCls.testCallerOfCaller) <- Dawg(SomeCls.propCallerOfCallerOfCaller) <- Outcast.__classMeth <- Outcast.classMeth <- src\omrolocs.981.__statMeth <- src\omrolocs.979.statMeth <- OutcastSon(Outcast.__init__) <- src\omrolocs.996.func <- src\omrolocs.999.oldStyleStaticMeth <- src\omrolocs.1001.oldStyleClassMeth <- src\omrolocs.1002.oldStyleInstanceMeth <- src\omrolocs.1083.genLogs <- src\omrolocs.1096.<module>
    src\omrolocs.963.test(No data was passed)
    src\omrolocs.964.test(someDatum=[1, 2, 3, 4])
    src\omrolocs.965.test(someDatum=[1, 2, 3, 4], someDatum2=[1, 2, 3, 4])
    src\omrolocs.966.test(
        someDatum=[1, 2, 3, 4],
        someDatum2=[1, 2, 3, 4],
    )
None compromising logline 63
None compromising logline 68
src\omrolocs.962.test <- src\omrolocs.954.wrapper <- src\omrolocs.968.__privProp <- Dawg(SomeCls(Daddy.__testCaller)) <- Dawg(SomeCls(Daddy.testCaller)) <- Dawg(SomeCls.testCallerOfCaller) <- Dawg(SomeCls.propCallerOfCallerOfCaller) <- Outcast.__classMeth <- Outcast.classMeth <- src\omrolocs.981.__statMeth <- src\omrolocs.979.statMeth <- OutcastSon(Outcast.__init__) <- src\omrolocs.996.func <- src\omrolocs.999.oldStyleStaticMeth <- src\omrolocs.1001.oldStyleClassMeth <- src\omrolocs.1002.oldStyleInstanceMeth <- src\omrolocs.1083.genLogs <- src\omrolocs.1096.<module>
src\omrolocs.963.test(No data was passed)
src\omrolocs.964.test(someDatum=[1, 2, 3, 4])
src\omrolocs.965.test(someDatum=[1, 2, 3, 4], someDatum2=[1, 2, 3, 4])
src\omrolocs.966.test(
    someDatum=[1, 2, 3, 4],
    someDatum2=[1, 2, 3, 4],
)
2x
    None compromising logline 66
    None compromising logline 67
None compromising logline 63
None compromising logline 64
None compromising logline 65
2x
    None compromising logline 64
    None compromising logline 63
2x
    None compromising logline 64
None compromising logline 66
None compromising logline 63
None compromising logline 67
None compromising logline 63
None compromising logline 66
None compromising logline 64
None compromising logline 66
2x
    None compromising logline 67
    None compromising logline 66
    2x
        None compromising logline 67
    None compromising logline 63
None compromising logline 67
None compromising logline 66
None compromising logline 63
None compromising logline 66
None compromising logline 65
None compromising logline 64
None compromising logline 68
4x
    src\omrolocs.962.test <- src\omrolocs.954.wrapper <- src\omrolocs.968.__privProp <- Dawg(SomeCls(Daddy.__testCaller)) <- Dawg(SomeCls(Daddy.testCaller)) <- Dawg(SomeCls.testCallerOfCaller) <- Dawg(SomeCls.propCallerOfCallerOfCaller) <- Outcast.__classMeth <- Outcast.classMeth <- src\omrolocs.981.__statMeth <- src\omrolocs.979.statMeth <- OutcastSon(Outcast.__init__) <- src\omrolocs.996.func <- src\omrolocs.999.oldStyleStaticMeth <- src\omrolocs.1001.oldStyleClassMeth <- src\omrolocs.1002.oldStyleInstanceMeth <- src\omrolocs.1083.genLogs <- src\omrolocs.1096.<module>
    src\omrolocs.963.test(No data was passed)
    src\omrolocs.964.test(someDatum=[1, 2, 3, 4])
    src\omrolocs.965.test(someDatum=[1, 2, 3, 4], someDatum2=[1, 2, 3, 4])
    src\omrolocs.966.test(
        someDatum=[1, 2, 3, 4],
        someDatum2=[1, 2, 3, 4],
    )
None compromising logline 66
None compromising logline 64
None compromising logline 68
None compromising logline 67
None compromising logline 64
2x
    None compromising logline 63
    None compromising logline 66
    None compromising logline 67
2x
    None compromising logline 63
None compromising logline 68
2x
    None compromising logline 65
3x
    None compromising logline 68
None compromising logline 67
2x
    None compromising logline 66
2x
    None compromising logline 65
2x
    None compromising logline 63
    None compromising logline 65
None compromising logline 64
None compromising logline 68
None compromising logline 63
None compromising logline 67
None compromising logline 64
2x
    None compromising logline 68
None compromising logline 66
4x
    None compromising logline 67
5x
    src\omrolocs.962.test <- src\omrolocs.954.wrapper <- src\omrolocs.968.__privProp <- Dawg(SomeCls(Daddy.__testCaller)) <- Dawg(SomeCls(Daddy.testCaller)) <- Dawg(SomeCls.testCallerOfCaller) <- Dawg(SomeCls.propCallerOfCallerOfCaller) <- Outcast.__classMeth <- Outcast.classMeth <- src\omrolocs.981.__statMeth <- src\omrolocs.979.statMeth <- OutcastSon(Outcast.__init__) <- src\omrolocs.996.func <- src\omrolocs.999.oldStyleStaticMeth <- src\omrolocs.1001.oldStyleClassMeth <- src\omrolocs.1002.oldStyleInstanceMeth <- src\omrolocs.1083.genLogs <- src\omrolocs.1096.<module>
    src\omrolocs.963.test(No data was passed)
    src\omrolocs.964.test(someDatum=[1, 2, 3, 4])
    src\omrolocs.965.test(someDatum=[1, 2, 3, 4], someDatum2=[1, 2, 3, 4])
    src\omrolocs.966.test(
        someDatum=[1, 2, 3, 4],
        someDatum2=[1, 2, 3, 4],
    )
None compromising logline 67
None compromising logline 66
None compromising logline 67
None compromising logline 63
None compromising logline 67
2x
    None compromising logline 66
None compromising logline 65
None compromising logline 67
None compromising logline 63
None compromising logline 65
None compromising logline 66
None compromising logline 64
None compromising logline 63
None compromising logline 66
None compromising logline 68
None compromising logline 66
None compromising logline 67
None compromising logline 65
None compromising logline 64
2x
    None compromising logline 63
None compromising logline 68
None compromising logline 63
None compromising logline 68
None compromising logline 66
None compromising logline 64
None compromising logline 65
None compromising logline 64
None compromising logline 66
None compromising logline 63
None compromising logline 67
None compromising logline 68
None compromising logline 64
None compromising logline 67
None compromising logline 66
None compromising logline 67
None compromising logline 68
None compromising logline 63
None compromising logline 66
None compromising logline 68
None compromising logline 63
None compromising logline 65
None compromising logline 66
None compromising logline 65
10x
    src\omrolocs.962.test <- src\omrolocs.954.wrapper <- src\omrolocs.968.__privProp <- Dawg(SomeCls(Daddy.__testCaller)) <- Dawg(SomeCls(Daddy.testCaller)) <- Dawg(SomeCls.testCallerOfCaller) <- Dawg(SomeCls.propCallerOfCallerOfCaller) <- Outcast.__classMeth <- Outcast.classMeth <- src\omrolocs.981.__statMeth <- src\omrolocs.979.statMeth <- OutcastSon(Outcast.__init__) <- src\omrolocs.996.func <- src\omrolocs.999.oldStyleStaticMeth <- src\omrolocs.1001.oldStyleClassMeth <- src\omrolocs.1002.oldStyleInstanceMeth <- src\omrolocs.1083.genLogs <- src\omrolocs.1096.<module>
    src\omrolocs.963.test(No data was passed)
    src\omrolocs.964.test(someDatum=[1, 2, 3, 4])
    src\omrolocs.965.test(someDatum=[1, 2, 3, 4], someDatum2=[1, 2, 3, 4])
    src\omrolocs.966.test(
        someDatum=[1, 2, 3, 4],
        someDatum2=[1, 2, 3, 4],
    )
None compromising logline 68
None compromising logline 67
None compromising logline 64
None compromising logline 65
2x
    None compromising logline 68
None compromising logline 66
None compromising logline 68
None compromising logline 65
None compromising logline 67
None compromising logline 65
2x
    None compromising logline 68
    None compromising logline 64
None compromising logline 63
2x
    None compromising logline 66
None compromising logline 64
2x
    None compromising logline 65
None compromising logline 64
None compromising logline 63
None compromising logline 68
None compromising logline 66
None compromising logline 64
2x
    None compromising logline 67
2x
    None compromising logline 66
None compromising logline 65
None compromising logline 64
None compromising logline 63
None compromising logline 67
None compromising logline 65
None compromising logline 64
None compromising logline 67
None compromising logline 66
2x
    None compromising logline 63
None compromising logline 67
None compromising logline 65
2x
    None compromising logline 67
None compromising logline 63
None compromising logline 65
9x
    src\omrolocs.962.test <- src\omrolocs.954.wrapper <- src\omrolocs.968.__privProp <- Dawg(SomeCls(Daddy.__testCaller)) <- Dawg(SomeCls(Daddy.testCaller)) <- Dawg(SomeCls.testCallerOfCaller) <- Dawg(SomeCls.propCallerOfCallerOfCaller) <- Outcast.__classMeth <- Outcast.classMeth <- src\omrolocs.981.__statMeth <- src\omrolocs.979.statMeth <- OutcastSon(Outcast.__init__) <- src\omrolocs.996.func <- src\omrolocs.999.oldStyleStaticMeth <- src\omrolocs.1001.oldStyleClassMeth <- src\omrolocs.1002.oldStyleInstanceMeth <- src\omrolocs.1083.genLogs <- src\omrolocs.1096.<module>
    src\omrolocs.963.test(No data was passed)
    src\omrolocs.964.test(someDatum=[1, 2, 3, 4])
    src\omrolocs.965.test(someDatum=[1, 2, 3, 4], someDatum2=[1, 2, 3, 4])
    src\omrolocs.966.test(
        someDatum=[1, 2, 3, 4],
        someDatum2=[1, 2, 3, 4],
    )
None compromising logline 63
None compromising logline 65
None compromising logline 68
None compromising logline 65
None compromising logline 64
3x
    None compromising logline 65
None compromising logline 68
None compromising logline 65
None compromising logline 68
None compromising logline 66
None compromising logline 67
None compromising logline 64
None compromising logline 63
2x
    None compromising logline 67
None compromising logline 68
None compromising logline 64
None compromising logline 65
None compromising logline 64
None compromising logline 67
None compromising logline 63
None compromising logline 64
None compromising logline 68
None compromising logline 63
None compromising logline 66
None compromising logline 65
2x
    None compromising logline 67
None compromising logline 63
None compromising logline 67
None compromising logline 63
None compromising logline 66
None compromising logline 67
None compromising logline 66
2x
    None compromising logline 63
None compromising logline 68
None compromising logline 66
None compromising logline 64
None compromising logline 68
None compromising logline 64
None compromising logline 67
None compromising logline 63
None compromising logline 64
2x
    None compromising logline 68
None compromising logline 66
7x
    src\omrolocs.962.test <- src\omrolocs.954.wrapper <- src\omrolocs.968.__privProp <- Dawg(SomeCls(Daddy.__testCaller)) <- Dawg(SomeCls(Daddy.testCaller)) <- Dawg(SomeCls.testCallerOfCaller) <- Dawg(SomeCls.propCallerOfCallerOfCaller) <- Outcast.__classMeth <- Outcast.classMeth <- src\omrolocs.981.__statMeth <- src\omrolocs.979.statMeth <- OutcastSon(Outcast.__init__) <- src\omrolocs.996.func <- src\omrolocs.999.oldStyleStaticMeth <- src\omrolocs.1001.oldStyleClassMeth <- src\omrolocs.1002.oldStyleInstanceMeth <- src\omrolocs.1083.genLogs <- src\omrolocs.1096.<module>
    src\omrolocs.963.test(No data was passed)
    src\omrolocs.964.test(someDatum=[1, 2, 3, 4])
    src\omrolocs.965.test(someDatum=[1, 2, 3, 4], someDatum2=[1, 2, 3, 4])
    src\omrolocs.966.test(
        someDatum=[1, 2, 3, 4],
        someDatum2=[1, 2, 3, 4],
    )
2x
    None compromising logline 66
None compromising logline 63
None compromising logline 64
2x
    None compromising logline 67
None compromising logline 65
None compromising logline 63
None compromising logline 66
3x
    None compromising logline 63
None compromising logline 64
None compromising logline 65
2x
    None compromising logline 63
None compromising logline 68
2x
    None compromising logline 67
2x
    None compromising logline 65
None compromising logline 64
2x
    None compromising logline 68
None compromising logline 67
2x
    None compromising logline 65
    None compromising logline 63
None compromising logline 66
None compromising logline 65
None compromising logline 66
None compromising logline 64
3x
    None compromising logline 65
None compromising logline 67
None compromising logline 68
8x
    src\omrolocs.962.test <- src\omrolocs.954.wrapper <- src\omrolocs.968.__privProp <- Dawg(SomeCls(Daddy.__testCaller)) <- Dawg(SomeCls(Daddy.testCaller)) <- Dawg(SomeCls.testCallerOfCaller) <- Dawg(SomeCls.propCallerOfCallerOfCaller) <- Outcast.__classMeth <- Outcast.classMeth <- src\omrolocs.981.__statMeth <- src\omrolocs.979.statMeth <- OutcastSon(Outcast.__init__) <- src\omrolocs.996.func <- src\omrolocs.999.oldStyleStaticMeth <- src\omrolocs.1001.oldStyleClassMeth <- src\omrolocs.1002.oldStyleInstanceMeth <- src\omrolocs.1083.genLogs <- src\omrolocs.1096.<module>
    src\omrolocs.963.test(No data was passed)
    src\omrolocs.964.test(someDatum=[1, 2, 3, 4])
    src\omrolocs.965.test(someDatum=[1, 2, 3, 4], someDatum2=[1, 2, 3, 4])
    src\omrolocs.966.test(
        someDatum=[1, 2, 3, 4],
        someDatum2=[1, 2, 3, 4],
    )
None compromising logline 66
None compromising logline 63
None compromising logline 67
None compromising logline 68
2x
    None compromising logline 65
None compromising logline 67
8x
    src\omrolocs.962.test <- src\omrolocs.954.wrapper <- src\omrolocs.968.__privProp <- Dawg(SomeCls(Daddy.__testCaller)) <- Dawg(SomeCls(Daddy.testCaller)) <- Dawg(SomeCls.testCallerOfCaller) <- Dawg(SomeCls.propCallerOfCallerOfCaller) <- Outcast.__classMeth <- Outcast.classMeth <- src\omrolocs.981.__statMeth <- src\omrolocs.979.statMeth <- OutcastSon(Outcast.__init__) <- src\omrolocs.996.func <- src\omrolocs.999.oldStyleStaticMeth <- src\omrolocs.1001.oldStyleClassMeth <- src\omrolocs.1002.oldStyleInstanceMeth <- src\omrolocs.1083.genLogs <- src\omrolocs.1096.<module>
    src\omrolocs.963.test(No data was passed)
    src\omrolocs.964.test(someDatum=[1, 2, 3, 4])
    src\omrolocs.965.test(someDatum=[1, 2, 3, 4], someDatum2=[1, 2, 3, 4])
    src\omrolocs.966.test(
        someDatum=[1, 2, 3, 4],
        someDatum2=[1, 2, 3, 4],
    )
None compromising logline 64
None compromising logline 68
None compromising logline 64
None compromising logline 67
None compromising logline 66
None compromising logline 63
2x
    None compromising logline 67
None compromising logline 64
None compromising logline 65
None compromising logline 67
None compromising logline 63
None compromising logline 66
2x
    None compromising logline 63
None compromising logline 68
None compromising logline 66
None compromising logline 68
2x
    None compromising logline 65
2x
    None compromising logline 66
None compromising logline 67
None compromising logline 63
3x
    None compromising logline 67
None compromising logline 68
None compromising logline 64
None compromising logline 65
None compromising logline 63
3x
    src\omrolocs.962.test <- src\omrolocs.954.wrapper <- src\omrolocs.968.__privProp <- Dawg(SomeCls(Daddy.__testCaller)) <- Dawg(SomeCls(Daddy.testCaller)) <- Dawg(SomeCls.testCallerOfCaller) <- Dawg(SomeCls.propCallerOfCallerOfCaller) <- Outcast.__classMeth <- Outcast.classMeth <- src\omrolocs.981.__statMeth <- src\omrolocs.979.statMeth <- OutcastSon(Outcast.__init__) <- src\omrolocs.996.func <- src\omrolocs.999.oldStyleStaticMeth <- src\omrolocs.1001.oldStyleClassMeth <- src\omrolocs.1002.oldStyleInstanceMeth <- src\omrolocs.1083.genLogs <- src\omrolocs.1096.<module>
    src\omrolocs.963.test(No data was passed)
    src\omrolocs.964.test(someDatum=[1, 2, 3, 4])
    src\omrolocs.965.test(someDatum=[1, 2, 3, 4], someDatum2=[1, 2, 3, 4])
    src\omrolocs.966.test(
        someDatum=[1, 2, 3, 4],
        someDatum2=[1, 2, 3, 4],
    )
3x
    None compromising logline 64
None compromising logline 63
2x
    None compromising logline 68
None compromising logline 66
None compromising logline 63
None compromising logline 64
None compromising logline 66
None compromising logline 64
None compromising logline 65
2x
    None compromising logline 64
None compromising logline 66
2x
    None compromising logline 63
2x
    None compromising logline 65
2x
    None compromising logline 64
    None compromising logline 63
None compromising logline 66
None compromising logline 64
None compromising logline 65
None compromising logline 67
2x
    None compromising logline 66
None compromising logline 68
None compromising logline 64
None compromising logline 68
None compromising logline 67
None compromising logline 63
None compromising logline 68
None compromising logline 65
None compromising logline 64
None compromising logline 63
2x
    None compromising logline 68
    None compromising logline 66
None compromising logline 68
None compromising logline 67
None compromising logline 63
None compromising logline 68
None compromising logline 66
2x
    None compromising logline 63
9x
    src\omrolocs.962.test <- src\omrolocs.954.wrapper <- src\omrolocs.968.__privProp <- Dawg(SomeCls(Daddy.__testCaller)) <- Dawg(SomeCls(Daddy.testCaller)) <- Dawg(SomeCls.testCallerOfCaller) <- Dawg(SomeCls.propCallerOfCallerOfCaller) <- Outcast.__classMeth <- Outcast.classMeth <- src\omrolocs.981.__statMeth <- src\omrolocs.979.statMeth <- OutcastSon(Outcast.__init__) <- src\omrolocs.996.func <- src\omrolocs.999.oldStyleStaticMeth <- src\omrolocs.1001.oldStyleClassMeth <- src\omrolocs.1002.oldStyleInstanceMeth <- src\omrolocs.1083.genLogs <- src\omrolocs.1096.<module>
    src\omrolocs.963.test(No data was passed)
    src\omrolocs.964.test(someDatum=[1, 2, 3, 4])
    src\omrolocs.965.test(someDatum=[1, 2, 3, 4], someDatum2=[1, 2, 3, 4])
    src\omrolocs.966.test(
        someDatum=[1, 2, 3, 4],
        someDatum2=[1, 2, 3, 4],
    )
None compromising logline 65
2x
    None compromising logline 63
2x
    None compromising logline 67
None compromising logline 63
None compromising logline 67
2x
    None compromising logline 65
None compromising logline 67
None compromising logline 65
2x
    None compromising logline 68
None compromising logline 65
2x
    None compromising logline 64
2x
    None compromising logline 65
None compromising logline 66
None compromising logline 65
None compromising logline 63
7x
    src\omrolocs.962.test <- src\omrolocs.954.wrapper <- src\omrolocs.968.__privProp <- Dawg(SomeCls(Daddy.__testCaller)) <- Dawg(SomeCls(Daddy.testCaller)) <- Dawg(SomeCls.testCallerOfCaller) <- Dawg(SomeCls.propCallerOfCallerOfCaller) <- Outcast.__classMeth <- Outcast.classMeth <- src\omrolocs.981.__statMeth <- src\omrolocs.979.statMeth <- OutcastSon(Outcast.__init__) <- src\omrolocs.996.func <- src\omrolocs.999.oldStyleStaticMeth <- src\omrolocs.1001.oldStyleClassMeth <- src\omrolocs.1002.oldStyleInstanceMeth <- src\omrolocs.1083.genLogs <- src\omrolocs.1096.<module>
    src\omrolocs.963.test(No data was passed)
    src\omrolocs.964.test(someDatum=[1, 2, 3, 4])
    src\omrolocs.965.test(someDatum=[1, 2, 3, 4], someDatum2=[1, 2, 3, 4])
    src\omrolocs.966.test(
        someDatum=[1, 2, 3, 4],
        someDatum2=[1, 2, 3, 4],
    )
2x
    None compromising logline 63
None compromising logline 64
None compromising logline 68
None compromising logline 67
None compromising logline 63
2x
    None compromising logline 64
None compromising logline 65
None compromising logline 64
None compromising logline 65
None compromising logline 63
None compromising logline 68
2x
    None compromising logline 67
None compromising logline 65
2x
    None compromising logline 68
None compromising logline 65
None compromising logline 63
2x
    None compromising logline 67
None compromising logline 64
3x
    None compromising logline 63
2x
    None compromising logline 67
None compromising logline 68
None compromising logline 64
2x
    None compromising logline 66
None compromising logline 63
None compromising logline 64
None compromising logline 67
None compromising logline 64
2x
    None compromising logline 65
None compromising logline 67
None compromising logline 64
None compromising logline 63
None compromising logline 68
None compromising logline 66
None compromising logline 64
None compromising logline 68
None compromising logline 65
None compromising logline 63
None compromising logline 65
3x
    src\omrolocs.962.test <- src\omrolocs.954.wrapper <- src\omrolocs.968.__privProp <- Dawg(SomeCls(Daddy.__testCaller)) <- Dawg(SomeCls(Daddy.testCaller)) <- Dawg(SomeCls.testCallerOfCaller) <- Dawg(SomeCls.propCallerOfCallerOfCaller) <- Outcast.__classMeth <- Outcast.classMeth <- src\omrolocs.981.__statMeth <- src\omrolocs.979.statMeth <- OutcastSon(Outcast.__init__) <- src\omrolocs.996.func <- src\omrolocs.999.oldStyleStaticMeth <- src\omrolocs.1001.oldStyleClassMeth <- src\omrolocs.1002.oldStyleInstanceMeth <- src\omrolocs.1083.genLogs <- src\omrolocs.1096.<module>
    src\omrolocs.963.test(No data was passed)
    src\omrolocs.964.test(someDatum=[1, 2, 3, 4])
    src\omrolocs.965.test(someDatum=[1, 2, 3, 4], someDatum2=[1, 2, 3, 4])
    src\omrolocs.966.test(
        someDatum=[1, 2, 3, 4],
        someDatum2=[1, 2, 3, 4],
    )
None compromising logline 63
None compromising logline 67
2x
    None compromising logline 65
None compromising logline 63
None compromising logline 65
2x
    None compromising logline 63
None compromising logline 67
2x
    None compromising logline 68
None compromising logline 67
None compromising logline 66
3x
    src\omrolocs.962.test <- src\omrolocs.954.wrapper <- src\omrolocs.968.__privProp <- Dawg(SomeCls(Daddy.__testCaller)) <- Dawg(SomeCls(Daddy.testCaller)) <- Dawg(SomeCls.testCallerOfCaller) <- Dawg(SomeCls.propCallerOfCallerOfCaller) <- Outcast.__classMeth <- Outcast.classMeth <- src\omrolocs.981.__statMeth <- src\omrolocs.979.statMeth <- OutcastSon(Outcast.__init__) <- src\omrolocs.996.func <- src\omrolocs.999.oldStyleStaticMeth <- src\omrolocs.1001.oldStyleClassMeth <- src\omrolocs.1002.oldStyleInstanceMeth <- src\omrolocs.1083.genLogs <- src\omrolocs.1096.<module>
    src\omrolocs.963.test(No data was passed)
    src\omrolocs.964.test(someDatum=[1, 2, 3, 4])
    src\omrolocs.965.test(someDatum=[1, 2, 3, 4], someDatum2=[1, 2, 3, 4])
    src\omrolocs.966.test(
        someDatum=[1, 2, 3, 4],
        someDatum2=[1, 2, 3, 4],
    )
None compromising logline 68
None compromising logline 67
None compromising logline 65
None compromising logline 64
None compromising logline 68
7x
    src\omrolocs.962.test <- src\omrolocs.954.wrapper <- src\omrolocs.968.__privProp <- Dawg(SomeCls(Daddy.__testCaller)) <- Dawg(SomeCls(Daddy.testCaller)) <- Dawg(SomeCls.testCallerOfCaller) <- Dawg(SomeCls.propCallerOfCallerOfCaller) <- Outcast.__classMeth <- Outcast.classMeth <- src\omrolocs.981.__statMeth <- src\omrolocs.979.statMeth <- OutcastSon(Outcast.__init__) <- src\omrolocs.996.func <- src\omrolocs.999.oldStyleStaticMeth <- src\omrolocs.1001.oldStyleClassMeth <- src\omrolocs.1002.oldStyleInstanceMeth <- src\omrolocs.1083.genLogs <- src\omrolocs.1096.<module>
    src\omrolocs.963.test(No data was passed)
    src\omrolocs.964.test(someDatum=[1, 2, 3, 4])
    src\omrolocs.965.test(someDatum=[1, 2, 3, 4], someDatum2=[1, 2, 3, 4])
    src\omrolocs.966.test(
        someDatum=[1, 2, 3, 4],
        someDatum2=[1, 2, 3, 4],
    )
None compromising logline 65
2x
    None compromising logline 67
None compromising logline 63
2x
    None compromising logline 65
None compromising logline 66
None compromising logline 64
None compromising logline 65
None compromising logline 68
None compromising logline 65
None compromising logline 63
None compromising logline 68
None compromising logline 66
None compromising logline 63
None compromising logline 66
None compromising logline 67
None compromising logline 68
None compromising logline 64
None compromising logline 66
2x
    None compromising logline 65
None compromising logline 66
None compromising logline 65
None compromising logline 68
3x
    src\omrolocs.962.test <- src\omrolocs.954.wrapper <- src\omrolocs.968.__privProp <- Dawg(SomeCls(Daddy.__testCaller)) <- Dawg(SomeCls(Daddy.testCaller)) <- Dawg(SomeCls.testCallerOfCaller) <- Dawg(SomeCls.propCallerOfCallerOfCaller) <- Outcast.__classMeth <- Outcast.classMeth <- src\omrolocs.981.__statMeth <- src\omrolocs.979.statMeth <- OutcastSon(Outcast.__init__) <- src\omrolocs.996.func <- src\omrolocs.999.oldStyleStaticMeth <- src\omrolocs.1001.oldStyleClassMeth <- src\omrolocs.1002.oldStyleInstanceMeth <- src\omrolocs.1083.genLogs <- src\omrolocs.1096.<module>
    src\omrolocs.963.test(No data was passed)
    src\omrolocs.964.test(someDatum=[1, 2, 3, 4])
    src\omrolocs.965.test(someDatum=[1, 2, 3, 4], someDatum2=[1, 2, 3, 4])
    src\omrolocs.966.test(
        someDatum=[1, 2, 3, 4],
        someDatum2=[1, 2, 3, 4],
    )
None compromising logline 66
None compromising logline 65
None compromising logline 67
None compromising logline 63
None compromising logline 67
[CORRECTLOG] This is a log line which is expected and correct
A debug line 
Longest expected flag
35x
    Some flag of the log is cutoff
9x
    src\omrolocs.962.test <- src\omrolocs.954.wrapper <- src\omrolocs.968.__privProp <- Dawg(SomeCls(Daddy.__testCaller)) <- Dawg(SomeCls(Daddy.testCaller)) <- Dawg(SomeCls.testCallerOfCaller) <- Dawg(SomeCls.propCallerOfCallerOfCaller) <- Outcast.__classMeth <- Outcast.classMeth <- src\omrolocs.981.__statMeth <- src\omrolocs.979.statMeth <- OutcastSon(Outcast.__init__) <- src\omrolocs.996.func <- src\omrolocs.999.oldStyleStaticMeth <- src\omrolocs.1001.oldStyleClassMeth <- src\omrolocs.1002.oldStyleInstanceMeth <- src\omrolocs.1083.genLogs <- src\omrolocs.1096.<module>
    src\omrolocs.963.test(No data was passed)
    src\omrolocs.964.test(someDatum=[1, 2, 3, 4])
    src\omrolocs.965.test(someDatum=[1, 2, 3, 4], someDatum2=[1, 2, 3, 4])
    src\omrolocs.966.test(
        someDatum=[1, 2, 3, 4],
        someDatum2=[1, 2, 3, 4],
    )
